2026-05-16 10:05:17,252 - main - INFO - === Logging system initialized ===
2026-05-16 10:05:17,253 - main - INFO - Log file: logs/app_20260516_100517.log
2026-05-16 10:05:17,253 - main - INFO - Log level: INFO
2026-05-16 10:05:17,253 - main - INFO - Timestamp: 20260516_100517
2026-05-16 10:05:18,451 - main - INFO - Included router: routers.aihub.router
2026-05-16 10:05:18,474 - main - INFO - Included router: routers.auth.router
2026-05-16 10:05:18,526 - main - INFO - Included router: routers.diagnostic_reports.router
2026-05-16 10:05:18,572 - main - INFO - Included router: routers.favorite_nodes.router
2026-05-16 10:05:18,574 - main - INFO - Included router: routers.health.router
2026-05-16 10:05:18,593 - main - INFO - Included router: routers.settings.router
2026-05-16 10:05:18,631 - main - INFO - Included router: routers.storage.router
2026-05-16 10:05:18,679 - main - INFO - Included router: routers.subscription_plans.router
2026-05-16 10:05:18,688 - main - INFO - Included router: routers.user.router
2026-05-16 10:05:18,739 - main - INFO - Included router: routers.user_subscriptions.router
2026-05-16 10:05:18,786 - main - INFO - Included router: routers.vpn_nodes.router
2026-05-16 10:05:18,787 - main - INFO - === Application startup initiated ===
2026-05-16 10:05:18,787 - services.database - INFO - Ignore creating tables
2026-05-16 10:05:18,788 - services.mock_data - INFO - Ignore initialize data
2026-05-16 10:05:18,788 - services.auth - INFO - Ignore initialize admin
2026-05-16 10:05:18,788 - main - INFO - === Application startup completed successfully ===
2026-05-16 10:15:12,522 - services.database - DEBUG - [DB_OP] Starting database close
2026-05-16 10:15:12,523 - services.database - INFO - Database connections closed
2026-05-16 10:15:12,523 - services.database - DEBUG - [DB_OP] Database close completed in 0.0010s
