2026-05-14 11:57:46,605 - main - INFO - === Logging system initialized ===
2026-05-14 11:57:46,605 - main - INFO - Log file: logs/app_20260514_115746.log
2026-05-14 11:57:46,605 - main - INFO - Log level: INFO
2026-05-14 11:57:46,605 - main - INFO - Timestamp: 20260514_115746
2026-05-14 11:57:47,584 - main - INFO - Included router: routers.aihub.router
2026-05-14 11:57:47,610 - main - INFO - Included router: routers.auth.router
2026-05-14 11:57:47,668 - main - INFO - Included router: routers.diagnostic_reports.router
2026-05-14 11:57:47,717 - main - INFO - Included router: routers.favorite_nodes.router
2026-05-14 11:57:47,719 - main - INFO - Included router: routers.health.router
2026-05-14 11:57:47,741 - main - INFO - Included router: routers.settings.router
2026-05-14 11:57:47,780 - main - INFO - Included router: routers.storage.router
2026-05-14 11:57:47,829 - main - INFO - Included router: routers.subscription_plans.router
2026-05-14 11:57:47,839 - main - INFO - Included router: routers.user.router
2026-05-14 11:57:47,892 - main - INFO - Included router: routers.user_subscriptions.router
2026-05-14 11:57:47,944 - main - INFO - Included router: routers.vpn_nodes.router
2026-05-14 11:57:47,945 - main - INFO - === Application startup initiated ===
2026-05-14 11:57:47,945 - services.database - INFO - Ignore creating tables
2026-05-14 11:57:47,945 - services.mock_data - INFO - Ignore initialize data
2026-05-14 11:57:47,945 - services.auth - INFO - Ignore initialize admin
2026-05-14 11:57:47,946 - main - INFO - === Application startup completed successfully ===
2026-05-14 12:02:19,111 - services.database - DEBUG - [DB_OP] Starting database close
2026-05-14 12:02:19,111 - services.database - INFO - Database connections closed
2026-05-14 12:02:19,112 - services.database - DEBUG - [DB_OP] Database close completed in 0.0009s
