2026-05-16 10:56:35,792 - main - INFO - === Logging system initialized ===
2026-05-16 10:56:35,793 - main - INFO - Log file: logs/app_20260516_105635.log
2026-05-16 10:56:35,793 - main - INFO - Log level: INFO
2026-05-16 10:56:35,794 - main - INFO - Timestamp: 20260516_105635
2026-05-16 10:56:36,846 - main - INFO - Included router: routers.aihub.router
2026-05-16 10:56:36,878 - main - INFO - Included router: routers.auth.router
2026-05-16 10:56:36,934 - main - INFO - Included router: routers.diagnostic_reports.router
2026-05-16 10:56:36,994 - main - INFO - Included router: routers.favorite_nodes.router
2026-05-16 10:56:36,997 - main - INFO - Included router: routers.health.router
2026-05-16 10:56:37,022 - main - INFO - Included router: routers.settings.router
2026-05-16 10:56:37,092 - main - INFO - Included router: routers.storage.router
2026-05-16 10:56:37,145 - main - INFO - Included router: routers.subscription_plans.router
2026-05-16 10:56:37,158 - main - INFO - Included router: routers.user.router
2026-05-16 10:56:37,218 - main - INFO - Included router: routers.user_preferences.router
2026-05-16 10:56:37,278 - main - INFO - Included router: routers.user_subscriptions.router
2026-05-16 10:56:37,333 - main - INFO - Included router: routers.vpn_nodes.router
2026-05-16 10:56:37,335 - main - INFO - === Application startup initiated ===
2026-05-16 10:56:37,335 - services.database - INFO - Ignore creating tables
2026-05-16 10:56:37,335 - services.mock_data - INFO - Ignore initialize data
2026-05-16 10:56:37,336 - services.auth - INFO - Ignore initialize admin
2026-05-16 10:56:37,336 - main - INFO - === Application startup completed successfully ===
2026-05-16 10:56:42,908 - dependencies.auth - DEBUG - Authentication required for request GET /api/v1/auth/me
2026-05-16 10:56:43,306 - dependencies.auth - DEBUG - Authentication required for request GET /api/v1/auth/me
2026-05-16 10:56:45,048 - core.database - DEBUG - [DB_OP] Starting get_db session creation
2026-05-16 10:56:45,049 - core.database - WARNING - Database session maker not available, attempting lazy initialization...
2026-05-16 10:56:45,049 - core.database - WARNING - Database not initialized, attempting lazy initialization...
2026-05-16 10:56:45,050 - core.database - INFO - Starting database initialization...
2026-05-16 10:56:45,050 - core.config - DEBUG - Read dynamic attribute database_url from environment variable DATABASE_URL
2026-05-16 10:56:45,051 - core.database - INFO - Normalizing database URL for async compatibility...
2026-05-16 10:56:45,053 - core.database - INFO - Creating async database engine...
2026-05-16 10:56:45,053 - core.database - INFO - Using QueuePool with connection pooling for non-Lambda environment
2026-05-16 10:56:45,195 - core.database - INFO - Database engine created successfully
2026-05-16 10:56:45,196 - core.database - INFO - Creating async session maker...
2026-05-16 10:56:45,197 - core.database - INFO - Async session maker created successfully
2026-05-16 10:56:45,200 - core.database - INFO - Database connection initialized successfully
2026-05-16 10:56:45,200 - core.database - DEBUG - [DB_OP] Starting create_tables
2026-05-16 10:56:45,200 - core.database - INFO - 🔧 Starting table creation...
2026-05-16 10:56:46,902 - core.database - INFO - Tables initialized successfully
2026-05-16 10:56:46,903 - core.database - DEBUG - [DB_OP] Create tables completed in 1.7035s
2026-05-16 10:56:46,966 - core.database - INFO - Lazy database initialization completed successfully
2026-05-16 10:56:46,967 - core.database - DEBUG - [DB_OP] Database session created successfully in 1.9189s
2026-05-16 10:56:46,969 - routers.vpn_nodes - DEBUG - Querying vpn_nodess: query={}, sort=latency, skip=0, limit=50, fields=None
2026-05-16 10:56:47,543 - routers.vpn_nodes - DEBUG - Found 14 vpn_nodess
2026-05-16 10:56:47,544 - core.database - DEBUG - [DB_OP] Database session cleanup after 2.4959s
2026-05-16 10:57:20,948 - dependencies.auth - DEBUG - Authentication required for request GET /api/v1/auth/me
2026-05-16 10:57:21,155 - dependencies.auth - DEBUG - Authentication required for request GET /api/v1/auth/me
2026-05-16 10:57:23,001 - core.database - DEBUG - [DB_OP] Starting get_db session creation
2026-05-16 10:57:23,002 - core.database - DEBUG - [DB_OP] Database session created successfully in 0.0006s
2026-05-16 10:57:23,002 - routers.vpn_nodes - DEBUG - Querying vpn_nodess: query={}, sort=latency, skip=0, limit=50, fields=None
2026-05-16 10:57:23,381 - routers.vpn_nodes - DEBUG - Found 14 vpn_nodess
2026-05-16 10:57:23,381 - core.database - DEBUG - [DB_OP] Database session cleanup after 0.3802s
2026-05-16 11:00:29,981 - core.database - DEBUG - [DB_OP] Starting get_db session creation
2026-05-16 11:00:29,982 - core.database - DEBUG - [DB_OP] Database session created successfully in 0.0013s
2026-05-16 11:00:29,983 - routers.subscription_plans - DEBUG - Querying subscription_planss: query={}, sort=price_monthly, skip=0, limit=10, fields=None
2026-05-16 11:00:30,496 - routers.subscription_plans - DEBUG - Found 3 subscription_planss
2026-05-16 11:00:30,497 - core.database - DEBUG - [DB_OP] Database session cleanup after 0.5155s
2026-05-16 11:00:30,877 - dependencies.auth - DEBUG - Authentication required for request GET /api/v1/auth/me
2026-05-16 11:00:36,613 - dependencies.auth - DEBUG - Authentication required for request GET /api/v1/auth/me
2026-05-16 11:00:39,146 - dependencies.auth - DEBUG - Authentication required for request GET /api/v1/auth/me
2026-05-16 11:00:47,294 - core.database - DEBUG - [DB_OP] Starting get_db session creation
2026-05-16 11:00:47,295 - core.database - DEBUG - [DB_OP] Database session created successfully in 0.0007s
2026-05-16 11:00:47,295 - routers.vpn_nodes - DEBUG - Querying vpn_nodess: query={}, sort=latency, skip=0, limit=50, fields=None
2026-05-16 11:00:47,676 - routers.vpn_nodes - DEBUG - Found 14 vpn_nodess
2026-05-16 11:00:47,678 - core.database - DEBUG - [DB_OP] Database session cleanup after 0.3838s
2026-05-16 11:00:48,627 - core.database - DEBUG - [DB_OP] Starting get_db session creation
2026-05-16 11:00:48,628 - core.database - DEBUG - [DB_OP] Database session created successfully in 0.0004s
2026-05-16 11:00:48,629 - routers.subscription_plans - DEBUG - Querying subscription_planss: query={}, sort=price_monthly, skip=0, limit=10, fields=None
2026-05-16 11:00:49,008 - routers.subscription_plans - DEBUG - Found 3 subscription_planss
2026-05-16 11:00:49,008 - core.database - DEBUG - [DB_OP] Database session cleanup after 0.3810s
2026-05-16 11:00:49,342 - dependencies.auth - DEBUG - Authentication required for request GET /api/v1/auth/me
2026-05-16 11:00:50,332 - dependencies.auth - DEBUG - Authentication required for request GET /api/v1/auth/me
2026-05-16 11:00:51,403 - core.database - DEBUG - [DB_OP] Starting get_db session creation
2026-05-16 11:00:51,403 - core.database - DEBUG - [DB_OP] Database session created successfully in 0.0005s
2026-05-16 11:00:51,404 - routers.subscription_plans - DEBUG - Querying subscription_planss: query={}, sort=price_monthly, skip=0, limit=10, fields=None
2026-05-16 11:00:51,780 - routers.subscription_plans - DEBUG - Found 3 subscription_planss
2026-05-16 11:00:51,781 - core.database - DEBUG - [DB_OP] Database session cleanup after 0.3785s
2026-05-16 11:00:52,130 - dependencies.auth - DEBUG - Authentication required for request GET /api/v1/auth/me
2026-05-16 11:00:52,207 - core.database - DEBUG - [DB_OP] Starting get_db session creation
2026-05-16 11:00:52,207 - core.database - DEBUG - [DB_OP] Database session created successfully in 0.0003s
2026-05-16 11:00:52,208 - routers.vpn_nodes - DEBUG - Querying vpn_nodess: query={}, sort=latency, skip=0, limit=50, fields=None
2026-05-16 11:00:52,565 - dependencies.auth - DEBUG - Authentication required for request GET /api/v1/auth/me
2026-05-16 11:00:52,586 - routers.vpn_nodes - DEBUG - Found 14 vpn_nodess
2026-05-16 11:00:52,587 - core.database - DEBUG - [DB_OP] Database session cleanup after 0.3799s
